[DEBUG] - [31-10-2025 22:22:56] [main] [org.testng.TestNG] - suiteXmlPath: "C:\Users\Omar\AppData\Local\JetBrains\IdeaIC2025.2\temp-testng-customsuite.xml"
[INFO] - [31-10-2025 22:22:58] [main] [automationexercices.listeners.TestNGListeners] - Test Execution started
[INFO] - [31-10-2025 22:22:58] [main] [automationexercices.listeners.TestNGListeners] - Directories cleaned
[INFO] - [31-10-2025 22:22:58] [main] [automationexercices.FileUtils] - Directory created: test-output/screenshots/
[INFO] - [31-10-2025 22:22:58] [main] [automationexercices.FileUtils] - Directory created: test-output/recordings/
[INFO] - [31-10-2025 22:22:58] [main] [automationexercices.listeners.TestNGListeners] - Directories created
[INFO] - [31-10-2025 22:22:58] [main] [automationexercices.utils.dataReader.PropertyReader] - Properties file loaded successfully
[INFO] - [31-10-2025 22:22:58] [main] [automationexercices.listeners.TestNGListeners] - Properties loaded
[INFO] - [31-10-2025 22:22:58] [main] [automationexercices.utils.report.AllureEnvironmentManager] - Allure environment variables set.
[INFO] - [31-10-2025 22:23:01] [main] [automationexercices.utils.report.AllureBinaryManager] - Allure binaries already exist.
[INFO] - [31-10-2025 22:23:01] [main] [automationexercices.listeners.TestNGListeners] - Allure environment set
[INFO] - [31-10-2025 22:23:01] [main] [org.testng.internal.Utils] - [TestNG] Running:
  C:\Users\Omar\AppData\Local\JetBrains\IdeaIC2025.2\temp-testng-customsuite.xml

[INFO] - [31-10-2025 22:23:01] [main] [automationexercices.drivers.GUIDriver] - Initializing GUIDriver with browser: Edge
[INFO] - [31-10-2025 22:23:01] [main] [automationexercices.drivers.GUIDriver] - Starting driver for browser: EDGE
[INFO] - [31-10-2025 22:23:07] [main] [automationexercices.utils.actions.BrowserActions] - Navigated to URL: https://automationexercise.com
[INFO] - [31-10-2025 22:23:08] [main] [automationexercices.listeners.TestNGListeners] - Test Case signUpTC started
[INFO] - [31-10-2025 22:23:09] [main] [automationexercices.media.ScreenshotsManager] - Capturing Screenshot Succeeded
[INFO] - [31-10-2025 22:23:09] [main] [automationexercices.listeners.TestNGListeners] - Test Case signUpTC passed
[INFO] - [31-10-2025 22:23:28] [main] [automationexercices.FileUtils] - Target File Path: "C:\Users\Omar\IdeaProjects\Automation-Exercise-Project\test-output\reports\index.html", file was renamed to "AllureReport_2025-10-31_10-23-28.html".
[INFO] - [31-10-2025 22:23:29] [main] [automationexercices.listeners.TestNGListeners] - Test Execution Finished
[DEBUG] - [01-11-2025 02:22:43] [main] [org.testng.TestNG] - suiteXmlPath: "C:\Users\Omar\AppData\Local\JetBrains\IdeaIC2025.2\temp-testng-customsuite.xml"
[INFO] - [01-11-2025 02:22:44] [main] [automationexercices.listeners.TestNGListeners] - Test Execution started
[INFO] - [01-11-2025 02:22:45] [main] [automationexercices.listeners.TestNGListeners] - Directories cleaned
[INFO] - [01-11-2025 02:22:45] [main] [automationexercices.FileUtils] - Directory created: test-output/screenshots/
[INFO] - [01-11-2025 02:22:45] [main] [automationexercices.FileUtils] - Directory created: test-output/recordings/
[INFO] - [01-11-2025 02:22:45] [main] [automationexercices.listeners.TestNGListeners] - Directories created
[INFO] - [01-11-2025 02:22:45] [main] [automationexercices.utils.dataReader.PropertyReader] - Properties file loaded successfully
[INFO] - [01-11-2025 02:22:45] [main] [automationexercices.listeners.TestNGListeners] - Properties loaded
[INFO] - [01-11-2025 02:22:45] [main] [automationexercices.utils.report.AllureEnvironmentManager] - Allure environment variables set.
[INFO] - [01-11-2025 02:22:47] [main] [automationexercices.utils.report.AllureBinaryManager] - Allure binaries already exist.
[INFO] - [01-11-2025 02:22:47] [main] [automationexercices.listeners.TestNGListeners] - Allure environment set
[INFO] - [01-11-2025 02:22:48] [main] [org.testng.internal.Utils] - [TestNG] Running:
  C:\Users\Omar\AppData\Local\JetBrains\IdeaIC2025.2\temp-testng-customsuite.xml

[INFO] - [01-11-2025 02:22:48] [main] [automationexercices.drivers.GUIDriver] - Initializing GUIDriver with browser: Edge
[INFO] - [01-11-2025 02:22:48] [main] [automationexercices.drivers.GUIDriver] - Starting driver for browser: EDGE
[INFO] - [01-11-2025 02:22:55] [main] [automationexercices.utils.actions.BrowserActions] - Navigated to URL: https://automationexercise.com
[INFO] - [01-11-2025 02:22:55] [main] [automationexercices.listeners.TestNGListeners] - Test Case signUpTC started
[INFO] - [01-11-2025 02:22:57] [main] [automationexercices.utils.actions.BrowserActions] - Navigated to URL: https://automationexercise.com/login
[INFO] - [01-11-2025 02:22:58] [main] [automationexercices.utils.actions.ElementActions] - Typed text '' into element: By.cssSelector: [data-qa="signup-name"]
[INFO] - [01-11-2025 02:22:58] [main] [automationexercices.utils.actions.ElementActions] - Typed text '' into element: By.cssSelector: [data-qa="signup-email"]
[INFO] - [01-11-2025 02:22:58] [main] [automationexercices.utils.actions.ElementActions] - initialLocation: (971, 405)
[INFO] - [01-11-2025 02:22:58] [main] [automationexercices.utils.actions.ElementActions] - finalLocation: (971, 405)
[INFO] - [01-11-2025 02:22:59] [main] [automationexercices.utils.actions.ElementActions] - Clicked on element: By.cssSelector: [data-qa="signup-button"]
[DEBUG] - [01-11-2025 02:31:36] [main] [org.testng.TestNG] - suiteXmlPath: "C:\Users\Omar\AppData\Local\JetBrains\IdeaIC2025.2\temp-testng-customsuite.xml"
[INFO] - [01-11-2025 02:31:37] [main] [automationexercices.listeners.TestNGListeners] - Test Execution started
[INFO] - [01-11-2025 02:31:37] [main] [automationexercices.listeners.TestNGListeners] - Directories cleaned
[INFO] - [01-11-2025 02:31:37] [main] [automationexercices.FileUtils] - Directory created: test-output/screenshots/
[INFO] - [01-11-2025 02:31:37] [main] [automationexercices.FileUtils] - Directory created: test-output/recordings/
[INFO] - [01-11-2025 02:31:37] [main] [automationexercices.listeners.TestNGListeners] - Directories created
[INFO] - [01-11-2025 02:31:37] [main] [automationexercices.utils.dataReader.PropertyReader] - Properties file loaded successfully
[INFO] - [01-11-2025 02:31:37] [main] [automationexercices.listeners.TestNGListeners] - Properties loaded
[INFO] - [01-11-2025 02:31:38] [main] [automationexercices.utils.report.AllureEnvironmentManager] - Allure environment variables set.
[INFO] - [01-11-2025 02:31:41] [main] [automationexercices.utils.report.AllureBinaryManager] - Allure binaries already exist.
[INFO] - [01-11-2025 02:31:41] [main] [automationexercices.listeners.TestNGListeners] - Allure environment set
[INFO] - [01-11-2025 02:31:41] [main] [org.testng.internal.Utils] - [TestNG] Running:
  C:\Users\Omar\AppData\Local\JetBrains\IdeaIC2025.2\temp-testng-customsuite.xml

[INFO] - [01-11-2025 02:31:41] [main] [automationexercices.drivers.GUIDriver] - Initializing GUIDriver with browser: Edge
[INFO] - [01-11-2025 02:31:41] [main] [automationexercices.drivers.GUIDriver] - Starting driver for browser: EDGE
[INFO] - [01-11-2025 02:31:47] [main] [automationexercices.utils.actions.BrowserActions] - Navigated to URL: https://automationexercise.com
[INFO] - [01-11-2025 02:31:49] [main] [automationexercices.listeners.TestNGListeners] - Test Case signUpTC started
[INFO] - [01-11-2025 02:31:49] [main] [automationexercices.utils.actions.BrowserActions] - Navigated to URL: https://automationexercise.com/login
[INFO] - [01-11-2025 02:31:51] [main] [automationexercices.media.ScreenshotsManager] - Capturing Screenshot Succeeded
[INFO] - [01-11-2025 02:31:52] [main] [automationexercices.listeners.TestNGListeners] - Test Case signUpTC failed
[DEBUG] - [01-11-2025 02:32:31] [main] [org.testng.TestNG] - suiteXmlPath: "C:\Users\Omar\AppData\Local\JetBrains\IdeaIC2025.2\temp-testng-customsuite.xml"
[INFO] - [01-11-2025 02:32:33] [main] [automationexercices.listeners.TestNGListeners] - Test Execution started
[INFO] - [01-11-2025 02:32:33] [main] [automationexercices.listeners.TestNGListeners] - Directories cleaned
[INFO] - [01-11-2025 02:32:33] [main] [automationexercices.FileUtils] - Directory created: test-output/screenshots/
[INFO] - [01-11-2025 02:32:33] [main] [automationexercices.FileUtils] - Directory created: test-output/recordings/
[INFO] - [01-11-2025 02:32:33] [main] [automationexercices.listeners.TestNGListeners] - Directories created
[INFO] - [01-11-2025 02:32:33] [main] [automationexercices.utils.dataReader.PropertyReader] - Properties file loaded successfully
[INFO] - [01-11-2025 02:32:33] [main] [automationexercices.listeners.TestNGListeners] - Properties loaded
[INFO] - [01-11-2025 02:32:33] [main] [automationexercices.utils.report.AllureEnvironmentManager] - Allure environment variables set.
[INFO] - [01-11-2025 02:32:35] [main] [automationexercices.utils.report.AllureBinaryManager] - Allure binaries already exist.
[INFO] - [01-11-2025 02:32:35] [main] [automationexercices.listeners.TestNGListeners] - Allure environment set
[INFO] - [01-11-2025 02:32:36] [main] [org.testng.internal.Utils] - [TestNG] Running:
  C:\Users\Omar\AppData\Local\JetBrains\IdeaIC2025.2\temp-testng-customsuite.xml

[INFO] - [01-11-2025 02:32:36] [main] [automationexercices.drivers.GUIDriver] - Initializing GUIDriver with browser: Edge
[INFO] - [01-11-2025 02:32:36] [main] [automationexercices.drivers.GUIDriver] - Starting driver for browser: EDGE
[INFO] - [01-11-2025 02:32:40] [main] [automationexercices.utils.actions.BrowserActions] - Navigated to URL: https://automationexercise.com
[INFO] - [01-11-2025 02:32:40] [main] [automationexercices.listeners.TestNGListeners] - Test Case signUpTC started
[INFO] - [01-11-2025 02:32:41] [main] [automationexercices.utils.actions.BrowserActions] - Navigated to URL: https://automationexercise.com/login
[INFO] - [01-11-2025 02:32:42] [main] [automationexercices.media.ScreenshotsManager] - Capturing Screenshot Succeeded
[INFO] - [01-11-2025 02:32:42] [main] [automationexercices.listeners.TestNGListeners] - Test Case signUpTC failed
[INFO] - [01-11-2025 02:32:59] [main] [automationexercices.FileUtils] - Target File Path: "C:\Users\Omar\IdeaProjects\Automation-Exercise-Project\test-output\reports\index.html", file was renamed to "AllureReport_2025-11-01_02-32-59.html".
[INFO] - [01-11-2025 02:33:00] [main] [automationexercices.listeners.TestNGListeners] - Test Execution Finished
[DEBUG] - [01-11-2025 02:33:48] [main] [org.testng.TestNG] - suiteXmlPath: "C:\Users\Omar\AppData\Local\JetBrains\IdeaIC2025.2\temp-testng-customsuite.xml"
[INFO] - [01-11-2025 02:33:50] [main] [automationexercices.listeners.TestNGListeners] - Test Execution started
[INFO] - [01-11-2025 02:33:50] [main] [automationexercices.listeners.TestNGListeners] - Directories cleaned
[INFO] - [01-11-2025 02:33:50] [main] [automationexercices.FileUtils] - Directory created: test-output/screenshots/
[INFO] - [01-11-2025 02:33:50] [main] [automationexercices.FileUtils] - Directory created: test-output/recordings/
[INFO] - [01-11-2025 02:33:50] [main] [automationexercices.listeners.TestNGListeners] - Directories created
[INFO] - [01-11-2025 02:33:50] [main] [automationexercices.utils.dataReader.PropertyReader] - Properties file loaded successfully
[INFO] - [01-11-2025 02:33:50] [main] [automationexercices.listeners.TestNGListeners] - Properties loaded
[INFO] - [01-11-2025 02:33:50] [main] [automationexercices.utils.report.AllureEnvironmentManager] - Allure environment variables set.
[INFO] - [01-11-2025 02:33:53] [main] [automationexercices.utils.report.AllureBinaryManager] - Allure binaries already exist.
[INFO] - [01-11-2025 02:33:53] [main] [automationexercices.listeners.TestNGListeners] - Allure environment set
[INFO] - [01-11-2025 02:33:53] [main] [org.testng.internal.Utils] - [TestNG] Running:
  C:\Users\Omar\AppData\Local\JetBrains\IdeaIC2025.2\temp-testng-customsuite.xml

[INFO] - [01-11-2025 02:33:53] [main] [automationexercices.drivers.GUIDriver] - Initializing GUIDriver with browser: Edge
[INFO] - [01-11-2025 02:33:53] [main] [automationexercices.drivers.GUIDriver] - Starting driver for browser: EDGE
[INFO] - [01-11-2025 02:33:58] [main] [automationexercices.utils.actions.BrowserActions] - Navigated to URL: https://automationexercise.com
[INFO] - [01-11-2025 02:33:59] [main] [automationexercices.listeners.TestNGListeners] - Test Case signUpTC started
[INFO] - [01-11-2025 02:34:00] [main] [automationexercices.utils.actions.BrowserActions] - Navigated to URL: https://automationexercise.com/login
[DEBUG] - [01-11-2025 02:34:00] [main] [com.jayway.jsonpath.internal.path.CompiledPath] - Evaluating path: $['name']
[INFO] - [01-11-2025 02:34:00] [main] [automationexercices.utils.actions.ElementActions] - Typed text 'Automation_Test' into element: By.cssSelector: [data-qa="signup-name"]
[DEBUG] - [01-11-2025 02:34:00] [main] [com.jayway.jsonpath.internal.path.CompiledPath] - Evaluating path: $['email']
[INFO] - [01-11-2025 02:34:01] [main] [automationexercices.utils.actions.ElementActions] - Typed text 'automationtest_' into element: By.cssSelector: [data-qa="signup-email"]
[INFO] - [01-11-2025 02:34:01] [main] [automationexercices.utils.actions.ElementActions] - initialLocation: (971, 405)
[INFO] - [01-11-2025 02:34:01] [main] [automationexercices.utils.actions.ElementActions] - finalLocation: (971, 405)
[INFO] - [01-11-2025 02:34:01] [main] [automationexercices.utils.actions.ElementActions] - Clicked on element: By.cssSelector: [data-qa="signup-button"]
[DEBUG] - [01-11-2025 02:34:01] [main] [com.jayway.jsonpath.internal.path.CompiledPath] - Evaluating path: $['titleMale']
[ERROR] - [01-11-2025 02:34:21] [main] [automationexercices.media.ScreenshotsManager] - Failed to Capture Screenshot Error communicating with the remote browser. It may have died.
Build info: version: '4.37.0', revision: '3c1da1e342'
System info: os.name: 'Windows 11', os.arch: 'amd64', os.version: '10.0', java.version: '21.0.9'
Driver info: org.openqa.selenium.edge.EdgeDriver
Command: [bb9d31f96f7217f93665ba910bb5e210, screenshot []]
Capabilities {acceptInsecureCerts: true, browserName: MicrosoftEdge, browserVersion: 141.0.3537.99, fedcm:accounts: true, ms:edgeOptions: {debuggerAddress: localhost:57197}, msedge: {msedgedriverVersion: 141.0.3537.99 (1b2f83d6a142..., userDataDir: C:\Users\Omar\AppData\Local...}, networkConnectionEnabled: false, pageLoadStrategy: eager, platformName: windows, proxy: Proxy(), se:cdp: ws://localhost:57197/devtoo..., se:cdpVersion: 141.0.3537.99, setWindowRect: true, strictFileInteractability: false, timeouts: {implicit: 0, pageLoad: 300000, script: 30000}, unhandledPromptBehavior: ignore, webauthn:extension:credBlob: true, webauthn:extension:largeBlob: true, webauthn:extension:minPinLength: true, webauthn:extension:prf: true, webauthn:virtualAuthenticators: true}
Session ID: bb9d31f96f7217f93665ba910bb5e210
[INFO] - [01-11-2025 02:34:21] [main] [automationexercices.listeners.TestNGListeners] - Test Case signUpTC failed
[INFO] - [01-11-2025 02:34:34] [main] [automationexercices.FileUtils] - Target File Path: "C:\Users\Omar\IdeaProjects\Automation-Exercise-Project\test-output\reports\index.html", file was renamed to "AllureReport_2025-11-01_02-34-34.html".
[INFO] - [01-11-2025 02:34:36] [main] [automationexercices.listeners.TestNGListeners] - Test Execution Finished
[DEBUG] - [01-11-2025 02:35:53] [main] [org.testng.TestNG] - suiteXmlPath: "C:\Users\Omar\AppData\Local\JetBrains\IdeaIC2025.2\temp-testng-customsuite.xml"
[INFO] - [01-11-2025 02:35:55] [main] [automationexercices.listeners.TestNGListeners] - Test Execution started
[INFO] - [01-11-2025 02:35:55] [main] [automationexercices.listeners.TestNGListeners] - Directories cleaned
[INFO] - [01-11-2025 02:35:55] [main] [automationexercices.FileUtils] - Directory created: test-output/screenshots/
[INFO] - [01-11-2025 02:35:55] [main] [automationexercices.FileUtils] - Directory created: test-output/recordings/
[INFO] - [01-11-2025 02:35:55] [main] [automationexercices.listeners.TestNGListeners] - Directories created
[INFO] - [01-11-2025 02:35:55] [main] [automationexercices.utils.dataReader.PropertyReader] - Properties file loaded successfully
[INFO] - [01-11-2025 02:35:55] [main] [automationexercices.listeners.TestNGListeners] - Properties loaded
[INFO] - [01-11-2025 02:35:55] [main] [automationexercices.utils.report.AllureEnvironmentManager] - Allure environment variables set.
[INFO] - [01-11-2025 02:35:57] [main] [automationexercices.utils.report.AllureBinaryManager] - Allure binaries already exist.
[INFO] - [01-11-2025 02:35:57] [main] [automationexercices.listeners.TestNGListeners] - Allure environment set
[INFO] - [01-11-2025 02:35:57] [main] [org.testng.internal.Utils] - [TestNG] Running:
  C:\Users\Omar\AppData\Local\JetBrains\IdeaIC2025.2\temp-testng-customsuite.xml

[INFO] - [01-11-2025 02:35:58] [main] [automationexercices.drivers.GUIDriver] - Initializing GUIDriver with browser: Edge
[INFO] - [01-11-2025 02:35:58] [main] [automationexercices.drivers.GUIDriver] - Starting driver for browser: EDGE
[INFO] - [01-11-2025 02:36:03] [main] [automationexercices.utils.actions.BrowserActions] - Navigated to URL: https://automationexercise.com
[INFO] - [01-11-2025 02:36:03] [main] [automationexercices.listeners.TestNGListeners] - Test Case signUpTC started
[INFO] - [01-11-2025 02:36:04] [main] [automationexercices.utils.actions.BrowserActions] - Navigated to URL: https://automationexercise.com/login
[DEBUG] - [01-11-2025 02:36:04] [main] [com.jayway.jsonpath.internal.path.CompiledPath] - Evaluating path: $['name']
[INFO] - [01-11-2025 02:36:05] [main] [automationexercices.utils.actions.ElementActions] - Typed text 'Automation_Test' into element: By.cssSelector: [data-qa="signup-name"]
[DEBUG] - [01-11-2025 02:36:05] [main] [com.jayway.jsonpath.internal.path.CompiledPath] - Evaluating path: $['email']
[INFO] - [01-11-2025 02:36:06] [main] [automationexercices.utils.actions.ElementActions] - Typed text 'automationtest_1761957365407@gmail.com' into element: By.cssSelector: [data-qa="signup-email"]
[INFO] - [01-11-2025 02:36:06] [main] [automationexercices.utils.actions.ElementActions] - initialLocation: (971, 405)
[INFO] - [01-11-2025 02:36:06] [main] [automationexercices.utils.actions.ElementActions] - finalLocation: (971, 405)
[INFO] - [01-11-2025 02:36:07] [main] [automationexercices.utils.actions.ElementActions] - Clicked on element: By.cssSelector: [data-qa="signup-button"]
[DEBUG] - [01-11-2025 02:36:07] [main] [com.jayway.jsonpath.internal.path.CompiledPath] - Evaluating path: $['titleMale']
[INFO] - [01-11-2025 02:36:07] [main] [automationexercices.utils.actions.ElementActions] - initialLocation: (496, 320)
[INFO] - [01-11-2025 02:36:07] [main] [automationexercices.utils.actions.ElementActions] - finalLocation: (496, 320)
[INFO] - [01-11-2025 02:36:07] [main] [automationexercices.utils.actions.ElementActions] - Clicked on element: By.id: uniform-id_gender1
[DEBUG] - [01-11-2025 02:36:07] [main] [com.jayway.jsonpath.internal.path.CompiledPath] - Evaluating path: $['name']
[INFO] - [01-11-2025 02:36:07] [main] [automationexercices.utils.actions.ElementActions] - Typed text 'Automation_Test' into element: By.cssSelector: [data-qa="name"]
[DEBUG] - [01-11-2025 02:36:07] [main] [com.jayway.jsonpath.internal.path.CompiledPath] - Evaluating path: $['email']
[INFO] - [01-11-2025 02:36:23] [main] [automationexercices.media.ScreenshotsManager] - Capturing Screenshot Succeeded
[INFO] - [01-11-2025 02:36:24] [main] [automationexercices.listeners.TestNGListeners] - Test Case signUpTC failed
[INFO] - [01-11-2025 02:36:47] [main] [automationexercices.FileUtils] - Target File Path: "C:\Users\Omar\IdeaProjects\Automation-Exercise-Project\test-output\reports\index.html", file was renamed to "AllureReport_2025-11-01_02-36-47.html".
[INFO] - [01-11-2025 02:36:48] [main] [automationexercices.listeners.TestNGListeners] - Test Execution Finished
[DEBUG] - [01-11-2025 02:37:23] [main] [org.testng.TestNG] - suiteXmlPath: "C:\Users\Omar\AppData\Local\JetBrains\IdeaIC2025.2\temp-testng-customsuite.xml"
[INFO] - [01-11-2025 02:37:24] [main] [automationexercices.listeners.TestNGListeners] - Test Execution started
[INFO] - [01-11-2025 02:37:25] [main] [automationexercices.listeners.TestNGListeners] - Directories cleaned
[INFO] - [01-11-2025 02:37:25] [main] [automationexercices.FileUtils] - Directory created: test-output/screenshots/
[INFO] - [01-11-2025 02:37:25] [main] [automationexercices.FileUtils] - Directory created: test-output/recordings/
[INFO] - [01-11-2025 02:37:25] [main] [automationexercices.listeners.TestNGListeners] - Directories created
[INFO] - [01-11-2025 02:37:25] [main] [automationexercices.utils.dataReader.PropertyReader] - Properties file loaded successfully
[INFO] - [01-11-2025 02:37:25] [main] [automationexercices.listeners.TestNGListeners] - Properties loaded
[INFO] - [01-11-2025 02:37:25] [main] [automationexercices.utils.report.AllureEnvironmentManager] - Allure environment variables set.
[INFO] - [01-11-2025 02:37:27] [main] [automationexercices.utils.report.AllureBinaryManager] - Allure binaries already exist.
[INFO] - [01-11-2025 02:37:27] [main] [automationexercices.listeners.TestNGListeners] - Allure environment set
[INFO] - [01-11-2025 02:37:27] [main] [org.testng.internal.Utils] - [TestNG] Running:
  C:\Users\Omar\AppData\Local\JetBrains\IdeaIC2025.2\temp-testng-customsuite.xml

[INFO] - [01-11-2025 02:37:28] [main] [automationexercices.drivers.GUIDriver] - Initializing GUIDriver with browser: Edge
[INFO] - [01-11-2025 02:37:28] [main] [automationexercices.drivers.GUIDriver] - Starting driver for browser: EDGE
[INFO] - [01-11-2025 02:37:35] [main] [automationexercices.utils.actions.BrowserActions] - Navigated to URL: https://automationexercise.com
[INFO] - [01-11-2025 02:37:36] [main] [automationexercices.listeners.TestNGListeners] - Test Case signUpTC started
[INFO] - [01-11-2025 02:37:37] [main] [automationexercices.utils.actions.BrowserActions] - Navigated to URL: https://automationexercise.com/login
[DEBUG] - [01-11-2025 02:37:38] [main] [com.jayway.jsonpath.internal.path.CompiledPath] - Evaluating path: $['name']
[INFO] - [01-11-2025 02:37:39] [main] [automationexercices.utils.actions.ElementActions] - Typed text 'Automation_Test' into element: By.cssSelector: [data-qa="signup-name"]
[DEBUG] - [01-11-2025 02:37:39] [main] [com.jayway.jsonpath.internal.path.CompiledPath] - Evaluating path: $['email']
[INFO] - [01-11-2025 02:37:39] [main] [automationexercices.utils.actions.ElementActions] - Typed text 'automationtest_1761957459273@gmail.com' into element: By.cssSelector: [data-qa="signup-email"]
[INFO] - [01-11-2025 02:37:39] [main] [automationexercices.utils.actions.ElementActions] - initialLocation: (971, 405)
[INFO] - [01-11-2025 02:37:39] [main] [automationexercices.utils.actions.ElementActions] - finalLocation: (971, 405)
[INFO] - [01-11-2025 02:37:40] [main] [automationexercices.utils.actions.ElementActions] - Clicked on element: By.cssSelector: [data-qa="signup-button"]
[DEBUG] - [01-11-2025 02:37:40] [main] [com.jayway.jsonpath.internal.path.CompiledPath] - Evaluating path: $['titleMale']
[INFO] - [01-11-2025 02:37:40] [main] [automationexercices.utils.actions.ElementActions] - initialLocation: (496, 320)
[INFO] - [01-11-2025 02:37:40] [main] [automationexercices.utils.actions.ElementActions] - finalLocation: (496, 320)
[INFO] - [01-11-2025 02:37:40] [main] [automationexercices.utils.actions.ElementActions] - Clicked on element: By.id: uniform-id_gender1
[DEBUG] - [01-11-2025 02:37:40] [main] [com.jayway.jsonpath.internal.path.CompiledPath] - Evaluating path: $['password']
[INFO] - [01-11-2025 02:37:44] [main] [automationexercices.utils.actions.ElementActions] - Typed text 'P@ssw0rd' into element: By.id: password
[DEBUG] - [01-11-2025 02:37:44] [main] [com.jayway.jsonpath.internal.path.CompiledPath] - Evaluating path: $['day']
[DEBUG] - [01-11-2025 02:37:44] [main] [com.jayway.jsonpath.internal.path.CompiledPath] - Evaluating path: $['month']
[DEBUG] - [01-11-2025 02:37:44] [main] [com.jayway.jsonpath.internal.path.CompiledPath] - Evaluating path: $['year']
[INFO] - [01-11-2025 02:37:46] [main] [automationexercices.utils.actions.ElementActions] - Selected value '1' from dropdown: By.id: days
[INFO] - [01-11-2025 02:37:47] [main] [automationexercices.utils.actions.ElementActions] - Selected value 'January' from dropdown: By.id: months
[INFO] - [01-11-2025 02:37:47] [main] [automationexercices.utils.actions.ElementActions] - Selected value '2000' from dropdown: By.id: years
[INFO] - [01-11-2025 02:37:48] [main] [automationexercices.utils.actions.ElementActions] - initialLocation: (476, 673)
[INFO] - [01-11-2025 02:37:48] [main] [automationexercices.utils.actions.ElementActions] - finalLocation: (476, 673)
[INFO] - [01-11-2025 02:37:49] [main] [automationexercices.utils.actions.ElementActions] - Clicked on element: By.id: newsletter
[INFO] - [01-11-2025 02:37:49] [main] [automationexercices.utils.actions.ElementActions] - initialLocation: (476, 698)
[INFO] - [01-11-2025 02:37:49] [main] [automationexercices.utils.actions.ElementActions] - finalLocation: (476, 698)
[INFO] - [01-11-2025 02:37:50] [main] [automationexercices.utils.actions.ElementActions] - Clicked on element: By.id: optin
[DEBUG] - [01-11-2025 02:37:50] [main] [com.jayway.jsonpath.internal.path.CompiledPath] - Evaluating path: $['firstName']
[INFO] - [01-11-2025 02:37:51] [main] [automationexercices.utils.actions.ElementActions] - Typed text 'Automation_Firstname' into element: By.id: first_name
[DEBUG] - [01-11-2025 02:37:51] [main] [com.jayway.jsonpath.internal.path.CompiledPath] - Evaluating path: $['lastName']
[INFO] - [01-11-2025 02:37:52] [main] [automationexercices.utils.actions.ElementActions] - Typed text 'Automation_Lastname' into element: By.id: last_name
[DEBUG] - [01-11-2025 02:37:52] [main] [com.jayway.jsonpath.internal.path.CompiledPath] - Evaluating path: $['companyName']
[INFO] - [01-11-2025 02:37:53] [main] [automationexercices.utils.actions.ElementActions] - Typed text 'Automation_Company' into element: By.id: company
[DEBUG] - [01-11-2025 02:37:53] [main] [com.jayway.jsonpath.internal.path.CompiledPath] - Evaluating path: $['address1']
[INFO] - [01-11-2025 02:37:54] [main] [automationexercices.utils.actions.ElementActions] - Typed text 'Automation_Address1' into element: By.id: address1
[DEBUG] - [01-11-2025 02:37:54] [main] [com.jayway.jsonpath.internal.path.CompiledPath] - Evaluating path: $['address2']
[INFO] - [01-11-2025 02:37:55] [main] [automationexercices.utils.actions.ElementActions] - Typed text 'Automation_Address2' into element: By.id: address2
[DEBUG] - [01-11-2025 02:37:55] [main] [com.jayway.jsonpath.internal.path.CompiledPath] - Evaluating path: $['country']
[INFO] - [01-11-2025 02:37:56] [main] [automationexercices.utils.actions.ElementActions] - Selected value 'India' from dropdown: By.id: country
[DEBUG] - [01-11-2025 02:37:56] [main] [com.jayway.jsonpath.internal.path.CompiledPath] - Evaluating path: $['state']
[INFO] - [01-11-2025 02:37:57] [main] [automationexercices.utils.actions.ElementActions] - Typed text 'Automation_State' into element: By.id: state
[DEBUG] - [01-11-2025 02:37:57] [main] [com.jayway.jsonpath.internal.path.CompiledPath] - Evaluating path: $['city']
[INFO] - [01-11-2025 02:37:58] [main] [automationexercices.utils.actions.ElementActions] - Typed text 'Automation_City' into element: By.id: city
[DEBUG] - [01-11-2025 02:37:58] [main] [com.jayway.jsonpath.internal.path.CompiledPath] - Evaluating path: $['zipcode']
[INFO] - [01-11-2025 02:37:59] [main] [automationexercices.utils.actions.ElementActions] - Typed text '12345' into element: By.id: zipcode
[DEBUG] - [01-11-2025 02:37:59] [main] [com.jayway.jsonpath.internal.path.CompiledPath] - Evaluating path: $['mobileNumber']
[INFO] - [01-11-2025 02:38:00] [main] [automationexercices.utils.actions.ElementActions] - Typed text '1234567890' into element: By.id: mobile_number
[INFO] - [01-11-2025 02:38:00] [main] [automationexercices.utils.actions.ElementActions] - initialLocation: (476, 1603)
[INFO] - [01-11-2025 02:38:00] [main] [automationexercices.utils.actions.ElementActions] - finalLocation: (476, 1603)
[INFO] - [01-11-2025 02:38:02] [main] [automationexercices.utils.actions.ElementActions] - Clicked on element: By.cssSelector: [data-qa="create-account"]
[ERROR] - [01-11-2025 02:38:02] [main] [io.qameta.allure.util.NamingUtils] - Could not find parameter expectedMessage
[INFO] - [01-11-2025 02:38:04] [main] [automationexercices.media.ScreenshotsManager] - Capturing Screenshot Succeeded
